Using pre-set license

 COMMAND LINE ARGUMENTS:
/Applications/Unity/Hub/Editor/2021.1.5f1/Unity.app/Contents/MacOS/Unity
-adb2
-batchMode
-noUpm
-name
AssetImportWorker0
-projectPath
/Users/alexstedman/Github/Home/swift-projects/unity/clc/catlike1
-logFile
Logs/AssetImportWorker0.log
-srvPort
65316
Successfully changed project path to: /Users/alexstedman/Github/Home/swift-projects/unity/clc/catlike1
/Users/alexstedman/Github/Home/swift-projects/unity/clc/catlike1
Using Asset Import Pipeline V2.
Refreshing native plugins compatible for Editor in 320.71 ms, found 1 plugins.
Preloading 0 native plugins for Editor in 0.00 ms.
Initialize engine version: 2021.1.5f1 (3737af19df53)
[Subsystems] Discovering subsystems at path /Applications/Unity/Hub/Editor/2021.1.5f1/Unity.app/Contents/Resources/UnitySubsystems
[Subsystems] Discovering subsystems at path /Users/alexstedman/Github/Home/swift-projects/unity/clc/catlike1/Assets
GfxDevice: creating device client; threaded=0; jobified=0
2021-05-03 20:32:21.996 Unity[9257:1074636] LG QHD preferred device: Intel(R) Iris(TM) Graphics 6000 (low power)
2021-05-03 20:32:21.997 Unity[9257:1074636] Metal devices available: 1
2021-05-03 20:32:21.997 Unity[9257:1074636] 0: Intel(R) Iris(TM) Graphics 6000 (low power)
2021-05-03 20:32:21.998 Unity[9257:1074636] Using device Intel(R) Iris(TM) Graphics 6000 (low power)
Initializing Metal device caps: Intel(R) Iris(TM) Graphics 6000
Initialize mono
Mono path[0] = '/Applications/Unity/Hub/Editor/2021.1.5f1/Unity.app/Contents/Managed'
Mono path[1] = '/Applications/Unity/Hub/Editor/2021.1.5f1/Unity.app/Contents/MonoBleedingEdge/lib/mono/unityjit'
Mono config path = '/Applications/Unity/Hub/Editor/2021.1.5f1/Unity.app/Contents/MonoBleedingEdge/etc'
Using monoOptions --debugger-agent=transport=dt_socket,embedding=1,server=y,suspend=n,address=127.0.0.1:56257
Begin MonoManager ReloadAssembly
Registering precompiled unity dll's ...
Register platform support module: /Applications/Unity/Hub/Editor/2021.1.5f1/Unity.app/Contents/PlaybackEngines/MacStandaloneSupport/UnityEditor.OSXStandalone.Extensions.dll
Register platform support module: /Applications/Unity/Hub/Editor/2021.1.5f1/PlaybackEngines/WindowsStandaloneSupport/UnityEditor.WindowsStandalone.Extensions.dll
Registered in 0.008072 seconds.
Native extension for WindowsStandalone target not found
Native extension for OSXStandalone target not found
Refreshing native plugins compatible for Editor in 94.87 ms, found 1 plugins.
Preloading 0 native plugins for Editor in 0.00 ms.
Mono: successfully reloaded assembly
- Completed reload, in 17.981 seconds
Platform modules already initialized, skipping
Registering precompiled user dll's ...
Registered in 0.020457 seconds.
